Determining if the pthread_create exist failed with the following output:
Change Dir: /home/ksmirnov/local/Software_Patterns_Test/FileSorter/build/CMakeFiles/CMakeTmp

Run Build Command:"/usr/bin/make" "cmTC_4affd/fast"
/usr/bin/make -f CMakeFiles/cmTC_4affd.dir/build.make CMakeFiles/cmTC_4affd.dir/build
make[1]: Entering directory '/home/ksmirnov/local/Software_Patterns_Test/FileSorter/build/CMakeFiles/CMakeTmp'
Building C object CMakeFiles/cmTC_4affd.dir/CheckSymbolExists.c.o
/usr/bin/gcc    -o CMakeFiles/cmTC_4affd.dir/CheckSymbolExists.c.o   -c /home/ksmirnov/local/Software_Patterns_Test/FileSorter/build/CMakeFiles/CMakeTmp/CheckSymbolExists.c
Linking C executable cmTC_4affd
/usr/bin/cmake -E cmake_link_script CMakeFiles/cmTC_4affd.dir/link.txt --verbose=1
/usr/bin/gcc      CMakeFiles/cmTC_4affd.dir/CheckSymbolExists.c.o  -o cmTC_4affd 
CMakeFiles/cmTC_4affd.dir/CheckSymbolExists.c.o: In function `main':
CheckSymbolExists.c:(.text+0x1b): undefined reference to `pthread_create'
collect2: error: ld returned 1 exit status
CMakeFiles/cmTC_4affd.dir/build.make:97: recipe for target 'cmTC_4affd' failed
make[1]: *** [cmTC_4affd] Error 1
make[1]: Leaving directory '/home/ksmirnov/local/Software_Patterns_Test/FileSorter/build/CMakeFiles/CMakeTmp'
Makefile:126: recipe for target 'cmTC_4affd/fast' failed
make: *** [cmTC_4affd/fast] Error 2

File /home/ksmirnov/local/Software_Patterns_Test/FileSorter/build/CMakeFiles/CMakeTmp/CheckSymbolExists.c:
/* */
#include <pthread.h>

int main(int argc, char** argv)
{
  (void)argv;
#ifndef pthread_create
  return ((int*)(&pthread_create))[argc];
#else
  (void)argc;
  return 0;
#endif
}

Determining if the function pthread_create exists in the pthreads failed with the following output:
Change Dir: /home/ksmirnov/local/Software_Patterns_Test/FileSorter/build/CMakeFiles/CMakeTmp

Run Build Command:"/usr/bin/make" "cmTC_588fe/fast"
/usr/bin/make -f CMakeFiles/cmTC_588fe.dir/build.make CMakeFiles/cmTC_588fe.dir/build
make[1]: Entering directory '/home/ksmirnov/local/Software_Patterns_Test/FileSorter/build/CMakeFiles/CMakeTmp'
Building C object CMakeFiles/cmTC_588fe.dir/CheckFunctionExists.c.o
/usr/bin/gcc   -DCHECK_FUNCTION_EXISTS=pthread_create   -o CMakeFiles/cmTC_588fe.dir/CheckFunctionExists.c.o   -c /usr/share/cmake-3.10/Modules/CheckFunctionExists.c
Linking C executable cmTC_588fe
/usr/bin/cmake -E cmake_link_script CMakeFiles/cmTC_588fe.dir/link.txt --verbose=1
/usr/bin/gcc  -DCHECK_FUNCTION_EXISTS=pthread_create    CMakeFiles/cmTC_588fe.dir/CheckFunctionExists.c.o  -o cmTC_588fe -lpthreads 
/usr/bin/ld: cannot find -lpthreads
collect2: error: ld returned 1 exit status
CMakeFiles/cmTC_588fe.dir/build.make:97: recipe for target 'cmTC_588fe' failed
make[1]: *** [cmTC_588fe] Error 1
make[1]: Leaving directory '/home/ksmirnov/local/Software_Patterns_Test/FileSorter/build/CMakeFiles/CMakeTmp'
Makefile:126: recipe for target 'cmTC_588fe/fast' failed
make: *** [cmTC_588fe/fast] Error 2


